1  n1355233441.1   CL1     CB2     2000-12-11 13:32:34	t  1.897000e+02 
2  n1355233845.1   CL1     CB2     2000-12-11 13:39:18	b  1.937000e+02
3  n1355237227.1   CL1     CB2     2000-12-11 14:35:40	t  2.278000e+02	
4  n1355237631.1   CL1     CB2     2000-12-11 14:42:24	b  2.318000e+02
5  n1355241013.1   CL1     CB2     2000-12-11 15:38:46	t  2.659000e+02
6  n1355241417.1   CL1     CB2     2000-12-11 15:45:30	b  2.699000e+02
7  n1355244799.5   CL1     CB2     2000-12-11 16:41:53	m  3.039000e+02
8  n1355245203.1   CL1     CB2     2000-12-11 16:48:36	b  3.080000e+02
9  n1355248585.1   CL1     CB2     2000-12-11 17:44:58	t  3.420000e+02
10 n1355248989.1   CL1     CB2     2000-12-11 17:51:42	b  3.461000e+02
11 n1355252371.1   CL1     CB2     2000-12-11 18:48:04	t  2.010000e+01
12 n1355252775.1   CL1     CB2     2000-12-11 18:54:48	b  2.420000e+01
13 n1355256157.1   CL1     CB2     2000-12-11 19:51:10	t  5.820000e+01
14 n1355256561.1   CL1     CB2     2000-12-11 19:57:54	b  6.230000e+01
15 n1355259943.1   CL1     CB2     2000-12-11 20:54:16	t  9.630000e+01
16 n1355260347.1   CL1     CB2     2000-12-11 21:01:00	b  1.004000e+02
17 n1355263729.1   CL1     CB2     2000-12-11 21:57:22	t  1.344000e+02
18 n1355264133.1   CL1     CB2     2000-12-11 22:04:06	b  1.384000e+02
19 n1355267515.1   CL1     CB2     2000-12-11 23:00:28	t  1.725000e+02
20 n1355267919.1   CL1     CB2     2000-12-11 23:07:12	b  1.765000e+02
21 n1355271301.1   CL1     CB2     2000-12-12 00:03:34	t  2.106000e+02
22 n1355271705.1   CL1     CB2     2000-12-12 00:10:18	b  2.146000e+02
23 n1355275087.1   CL1     CB2     2000-12-12 01:06:40	t  2.486000e+02
24 n1355275491.1   CL1     CB2     2000-12-12 01:13:24	b  2.527000e+02
25 n1355278873.1   CL1     CB2     2000-12-12 02:09:46	t  2.867000e+02
26 n1355279277.1   CL1     CB2     2000-12-12 02:16:30	b  2.908000e+02
27 n1355282659.1   CL1     CB2     2000-12-12 03:12:52	t  3.248000e+02
28 n1355283063.1   CL1     CB2     2000-12-12 03:19:36	b  3.289000e+02
29 n1355286445.1   CL1     CB2     2000-12-12 04:15:58	t  2.900000e+00
30 n1355286849.1   CL1     CB2     2000-12-12 04:22:42	b  7.000000e+00
31 n1355290231.1   CL1     CB2     2000-12-12 05:19:04	t  4.100000e+01
32 n1355290635.1   CL1     CB2     2000-12-12 05:25:48	b  4.500000e+01
33 n1355294017.1   CL1     CB2     2000-12-12 06:22:10	t  7.910000e+01
34 n1355294421.1   CL1     CB2     2000-12-12 06:28:54	b  8.310000e+01
35 n1355297803.1   CL1     CB2     2000-12-12 07:25:16	t  1.171000e+02
36 n1355298207.1   CL1     CB2     2000-12-12 07:32:00	b  1.212000e+02
37 n1355301589.1   CL1     CB2     2000-12-12 08:28:22	t  1.552000e+02
38 n1355301993.1   CL1     CB2     2000-12-12 08:35:06	b  1.593000e+02
39 n1355305375.1   CL1     CB2     2000-12-12 09:31:28	t  1.933000e+02
40 n1355305779.1   CL1     CB2     2000-12-12 09:38:12	b  1.974000e+02
41 n1355309161.1   CL1     CB2     2000-12-12 10:34:34	t  2.314000e+02
42 n1355309565.1   CL1     CB2     2000-12-12 10:41:18	b  2.355000e+02
43 n1355312947.1   CL1     CB2     2000-12-12 11:37:40	t  2.695000e+02
44 n1355313351.1   CL1     CB2     2000-12-12 11:44:24	b  2.735000e+02
45 n1355316733.1   CL1     CB2     2000-12-12 12:40:46	t  3.076000e+02
46 n1355317137.1   CL1     CB2     2000-12-12 12:47:29	b  3.116000e+02
47 n1355320519.1   CL1     CB2     2000-12-12 13:43:51	t  3.456000e+02
48 n1355320923.1   CL1     CB2     2000-12-12 13:50:35	b  3.497000e+02
49 n1355324305.1   CL1     CB2     2000-12-12 14:46:57	t  2.370000e+01
50 n1355324709.1   CL1     CB2     2000-12-12 14:53:41	b  2.780000e+01
51 n1355328091.1   CL1     CB2     2000-12-12 15:50:03	t  6.180000e+01
52 n1355328495.1   CL1     CB2     2000-12-12 15:56:47	b  6.590000e+01
53 n1355331877.1   CL1     CB2     2000-12-12 16:53:09	t  9.990000e+01
54 n1355332281.1   CL1     CB2     2000-12-12 16:59:53	b  1.040000e+02
55 n1355335663.1   CL1     CB2     2000-12-12 17:56:15	t  1.380000e+02
56 n1355336067.1   CL1     CB2     2000-12-12 18:02:59	b  1.420000e+02
57 n1355339449.1   CL1     CB2     2000-12-12 18:59:21	t  1.761000e+02
58 n1355339853.1   CL1     CB2     2000-12-12 19:06:05	b  1.801000e+02
59 n1355343235.1   CL1     CB2     2000-12-12 20:02:27	t  2.141000e+02
60 n1355343639.1   CL1     CB2     2000-12-12 20:09:11	b  2.182000e+02
61 n1355347105.1   CL1     CB2     2000-12-12 21:06:57	t  2.531000e+02
62 n1355347598.1   CL1     CB2     2000-12-12 21:15:10	b  2.580000e+02
63 n1355350891.1   CL1     CB2     2000-12-12 22:10:03	t  2.911000e+02
64 n1355351384.3   CL1     CB2     2000-12-12 22:18:16	b  2.961000e+02
65 n1355354677.1   CL1     CB2     2000-12-12 23:13:09	t  3.292000e+02
66 n1355355143.1   CL1     CB2     2000-12-12 23:20:55	b  3.339000e+02
67 n1355358463.1   CL1     CB2     2000-12-13 00:16:15	t  7.300000e+00
68 n1355358929.1   CL1     CB2     2000-12-13 00:24:01	b  1.200000e+01
69 n1355362211.1   CL1     CB2     2000-12-13 01:18:43	t  4.500000e+01
70 n1355362570.1   CL1     CB2     2000-12-13 01:24:42	b  4.860000e+01
71 n1355365978.1   CL1     CB2     2000-12-13 02:21:30	t  8.290000e+01
72 n1355366357.1   CL1     CB2     2000-12-13 02:27:49	b  8.670000e+01
73 n1355369821.1   CL1     CB2     2000-12-13 03:25:33	t  1.215000e+02
74 n1355370295.1   CL1     CB2     2000-12-13 03:33:27	b  1.263000e+02
75 n1355373607.1   CL1     CB2     2000-12-13 04:28:39	t  1.596000e+02
76 n1355374081.1   CL1     CB2     2000-12-13 04:36:33	b  1.644000e+02
Opened Hist file
